<?xml version="1.0" encoding="UTF-8"?>
<!-- Generated by org.testng.reporters.JUnitXMLReporter -->
<testsuite ignored="0" hostname="DESKTOP-LVD2I8A" failures="0" tests="1" name="Test" time="0.091" errors="0" timestamp="2022-09-04T12:35:01 IST">
  <testcase classname="Test.Test_Class" name="@BeforeClass openBrowser" time="0.037">
    <failure type="java.lang.IllegalStateException" message="The driver executable must be a regular file: C:\Users\Shivtej\Downloads\chromedriver_win32 (1)">
      <![CDATA[java.lang.IllegalStateException: The driver executable must be a regular file: C:\Users\Shivtej\Downloads\chromedriver_win32 (1)
at org.openqa.selenium.internal.Require$FileStateChecker.isFile(Require.java:345)
at org.openqa.selenium.remote.service.DriverService.checkExecutable(DriverService.java:147)
at org.openqa.selenium.remote.service.DriverService.findExecutable(DriverService.java:142)
at org.openqa.selenium.chrome.ChromeDriverService.access$000(ChromeDriverService.java:39)
at org.openqa.selenium.chrome.ChromeDriverService$Builder.findDefaultExecutable(ChromeDriverService.java:233)
at org.openqa.selenium.remote.service.DriverService$Builder.build(DriverService.java:437)
at org.openqa.selenium.chrome.ChromeDriverService.createDefaultService(ChromeDriverService.java:128)
at org.openqa.selenium.chrome.ChromeDriver.<init>(ChromeDriver.java:49)
at Base.Base_Calss.initilizeBrowser(Base_Calss.java:12)
at Test.Test_Class.openBrowser(Test_Class.java:26)
at java.base/java.util.ArrayList.forEach(ArrayList.java:1511)
... Removed 23 stack frames]]>
    </failure>
  </testcase> <!-- @BeforeClass openBrowser -->
  <testcase classname="Test.Test_Class" name="@BeforeMethod loginToApp" time="0.0">
    <skipped/>
  </testcase> <!-- @BeforeMethod loginToApp -->
  <testcase classname="Test.Test_Class" name="@AfterMethod logoutApp" time="0.0">
    <skipped/>
  </testcase> <!-- @AfterMethod logoutApp -->
  <testcase classname="Test.Test_Class" name="@AfterClass closeBrowser" time="0.0">
    <skipped/>
  </testcase> <!-- @AfterClass closeBrowser -->
  <testcase classname="Test.Test_Class" name="verifyuserID" time="0.0">
    <skipped/>
  </testcase> <!-- verifyuserID -->
</testsuite> <!-- Test -->
